<?xml version="1.0" encoding="UTF-8"?>
<testng-results skipped="0" failed="0" ignored="0" total="1" passed="1">
  <reporter-output>
  </reporter-output>
  <suite name="Default suite" duration-ms="43869" started-at="2018-03-05T18:37:45Z" finished-at="2018-03-05T18:38:29Z">
    <groups>
    </groups>
    <test name="Default test" duration-ms="43869" started-at="2018-03-05T18:37:45Z" finished-at="2018-03-05T18:38:29Z">
      <class name="Amazon.Amazon_Login">
        <test-method status="PASS" signature="login_amazon(java.lang.String, java.lang.String)[pri:0, instance:Amazon.Amazon_Login@523884b2]" name="login_amazon" duration-ms="43065" started-at="2018-03-05T18:37:45Z" data-provider="login_amazon" finished-at="2018-03-05T18:38:29Z">
          <params>
            <param index="0">
              <value>
                <![CDATA[9667809149]]>
              </value>
            </param>
            <param index="1">
              <value>
                <![CDATA[1q2w3e4r5t6y7u8i]]>
              </value>
            </param>
          </params>
          <reporter-output>
          </reporter-output>
        </test-method> <!-- login_amazon -->
      </class> <!-- Amazon.Amazon_Login -->
    </test> <!-- Default test -->
  </suite> <!-- Default suite -->
</testng-results>
